# JRE version: Java(TM) SE Runtime Environment (8.0_72-b15) (build 1.8.0_72-b15)
# Java VM: Java HotSpot(TM) 64-Bit Server VM (25.72-b15 mixed mode bsd-amd64 compressed oops)
Heap:
 PSYoungGen      total 194560K, used 44683K [0x0000000176580000, 0x0000000184a00000, 0x00000001a1000000)
  eden space 182784K, 23% used [0x0000000176580000,0x0000000178fde8b0,0x0000000181800000)
  from space 11776K, 11% used [0x0000000181800000,0x00000001819444b8,0x0000000182380000)
  to   space 11264K, 0% used [0x0000000183f00000,0x0000000183f00000,0x0000000184a00000)
 ParOldGen       total 59904K, used 11647K [0x0000000121000000, 0x0000000124a80000, 0x0000000176580000)
  object space 59904K, 19% used [0x0000000121000000,0x0000000121b5ff38,0x0000000124a80000)
 Metaspace       used 23205K, capacity 23630K, committed 23856K, reserved 1071104K
  class space    used 2618K, capacity 2749K, committed 2864K, reserved 1048576K
GC Heap History (10 events):
Event: 44.013 GC heap before
{Heap before GC invocations=8 (full 1):
 PSYoungGen      total 114176K, used 107321K [0x0000000176580000, 0x000000017e400000, 0x00000001a1000000)
  eden space 105984K, 100% used [0x0000000176580000,0x000000017cd00000,0x000000017cd00000)
  from space 8192K, 16% used [0x000000017dc00000,0x000000017dd4e4f8,0x000000017e400000)
  to   space 11776K, 0% used [0x000000017cd00000,0x000000017cd00000,0x000000017d880000)
 ParOldGen       total 59904K, used 11615K [0x0000000121000000, 0x0000000124a80000, 0x0000000176580000)
  object space 59904K, 19% used [0x0000000121000000,0x0000000121b57f38,0x0000000124a80000)
 Metaspace       used 22936K, capacity 23374K, committed 23600K, reserved 1071104K
  class space    used 2593K, capacity 2749K, committed 2864K, reserved 1048576K
Event: 44.019 GC heap after
Heap after GC invocations=8 (full 1):
 PSYoungGen      total 117760K, used 1303K [0x0000000176580000, 0x0000000181a80000, 0x00000001a1000000)
  eden space 105984K, 0% used [0x0000000176580000,0x0000000176580000,0x000000017cd00000)
  from space 11776K, 11% used [0x000000017cd00000,0x000000017ce45dc8,0x000000017d880000)
  to   space 12288K, 0% used [0x0000000180e80000,0x0000000180e80000,0x0000000181a80000)
 ParOldGen       total 59904K, used 11623K [0x0000000121000000, 0x0000000124a80000, 0x0000000176580000)
  object space 59904K, 19% used [0x0000000121000000,0x0000000121b59f38,0x0000000124a80000)
 Metaspace       used 22936K, capacity 23374K, committed 23600K, reserved 1071104K
  class space    used 2593K, capacity 2749K, committed 2864K, reserved 1048576K
}
Event: 60.712 GC heap before
{Heap before GC invocations=9 (full 1):
 PSYoungGen      total 117760K, used 107287K [0x0000000176580000, 0x0000000181a80000, 0x00000001a1000000)
  eden space 105984K, 100% used [0x0000000176580000,0x000000017cd00000,0x000000017cd00000)
  from space 11776K, 11% used [0x000000017cd00000,0x000000017ce45dc8,0x000000017d880000)
  to   space 12288K, 0% used [0x0000000180e80000,0x0000000180e80000,0x0000000181a80000)
 ParOldGen       total 59904K, used 11623K [0x0000000121000000, 0x0000000124a80000, 0x0000000176580000)
  object space 59904K, 19% used [0x0000000121000000,0x0000000121b59f38,0x0000000124a80000)
 Metaspace       used 22936K, capacity 23374K, committed 23600K, reserved 1071104K
  class space    used 2593K, capacity 2749K, committed 2864K, reserved 1048576K
Event: 60.716 GC heap after
Heap after GC invocations=9 (full 1):
 PSYoungGen      total 158720K, used 1297K [0x0000000176580000, 0x0000000181380000, 0x00000001a1000000)
  eden space 153600K, 0% used [0x0000000176580000,0x0000000176580000,0x000000017fb80000)
  from space 5120K, 25% used [0x0000000180e80000,0x0000000180fc44b8,0x0000000181380000)
  to   space 12288K, 0% used [0x000000017fb80000,0x000000017fb80000,0x0000000180780000)
 ParOldGen       total 59904K, used 11631K [0x0000000121000000, 0x0000000124a80000, 0x0000000176580000)
  object space 59904K, 19% used [0x0000000121000000,0x0000000121b5bf38,0x0000000124a80000)
 Metaspace       used 22936K, capacity 23374K, committed 23600K, reserved 1071104K
  class space    used 2593K, capacity 2749K, committed 2864K, reserved 1048576K
}
Event: 85.978 GC heap before
{Heap before GC invocations=10 (full 1):
 PSYoungGen      total 158720K, used 154897K [0x0000000176580000, 0x0000000181380000, 0x00000001a1000000)
  eden space 153600K, 100% used [0x0000000176580000,0x000000017fb80000,0x000000017fb80000)
  from space 5120K, 25% used [0x0000000180e80000,0x0000000180fc44b8,0x0000000181380000)
  to   space 12288K, 0% used [0x000000017fb80000,0x000000017fb80000,0x0000000180780000)
 ParOldGen       total 59904K, used 11631K [0x0000000121000000, 0x0000000124a80000, 0x0000000176580000)
  object space 59904K, 19% used [0x0000000121000000,0x0000000121b5bf38,0x0000000124a80000)
 Metaspace       used 22944K, capacity 23374K, committed 23600K, reserved 1071104K
  class space    used 2593K, capacity 2749K, committed 2864K, reserved 1048576K
Event: 85.982 GC heap after
Heap after GC invocations=10 (full 1):
 PSYoungGen      total 165888K, used 1337K [0x0000000176580000, 0x0000000183480000, 0x00000001a1000000)
  eden space 153600K, 0% used [0x0000000176580000,0x0000000176580000,0x000000017fb80000)
  from space 12288K, 10% used [0x000000017fb80000,0x000000017fcce4f8,0x0000000180780000)
  to   space 11776K, 0% used [0x0000000182900000,0x0000000182900000,0x0000000183480000)
 ParOldGen       total 59904K, used 11639K [0x0000000121000000, 0x0000000124a80000, 0x0000000176580000)
  object space 59904K, 19% used [0x0000000121000000,0x0000000121b5df38,0x0000000124a80000)
 Metaspace       used 22944K, capacity 23374K, committed 23600K, reserved 1071104K
  class space    used 2593K, capacity 2749K, committed 2864K, reserved 1048576K
}
Event: 113.061 GC heap before
{Heap before GC invocations=11 (full 1):
 PSYoungGen      total 165888K, used 154937K [0x0000000176580000, 0x0000000183480000, 0x00000001a1000000)
  eden space 153600K, 100% used [0x0000000176580000,0x000000017fb80000,0x000000017fb80000)
  from space 12288K, 10% used [0x000000017fb80000,0x000000017fcce4f8,0x0000000180780000)
  to   space 11776K, 0% used [0x0000000182900000,0x0000000182900000,0x0000000183480000)
 ParOldGen       total 59904K, used 11639K [0x0000000121000000, 0x0000000124a80000, 0x0000000176580000)
  object space 59904K, 19% used [0x0000000121000000,0x0000000121b5df38,0x0000000124a80000)
 Metaspace       used 22945K, capacity 23374K, committed 23600K, reserved 1071104K
  class space    used 2593K, capacity 2749K, committed 2864K, reserved 1048576K
Event: 113.064 GC heap after
Heap after GC invocations=11 (full 1):
 PSYoungGen      total 188928K, used 1342K [0x0000000176580000, 0x0000000182f00000, 0x00000001a1000000)
  eden space 182784K, 0% used [0x0000000176580000,0x0000000176580000,0x0000000181800000)
  from space 6144K, 21% used [0x0000000182900000,0x0000000182a4fbe0,0x0000000182f00000)
  to   space 11776K, 0% used [0x0000000181800000,0x0000000181800000,0x0000000182380000)
 ParOldGen       total 59904K, used 11647K [0x0000000121000000, 0x0000000124a80000, 0x0000000176580000)
  object space 59904K, 19% used [0x0000000121000000,0x0000000121b5ff38,0x0000000124a80000)
 Metaspace       used 22945K, capacity 23374K, committed 23600K, reserved 1071104K
  class space    used 2593K, capacity 2749K, committed 2864K, reserved 1048576K
}
Event: 141.678 GC heap before
{Heap before GC invocations=12 (full 1):
 PSYoungGen      total 188928K, used 184126K [0x0000000176580000, 0x0000000182f00000, 0x00000001a1000000)
  eden space 182784K, 100% used [0x0000000176580000,0x0000000181800000,0x0000000181800000)
  from space 6144K, 21% used [0x0000000182900000,0x0000000182a4fbe0,0x0000000182f00000)
  to   space 11776K, 0% used [0x0000000181800000,0x0000000181800000,0x0000000182380000)
 ParOldGen       total 59904K, used 11647K [0x0000000121000000, 0x0000000124a80000, 0x0000000176580000)
  object space 59904K, 19% used [0x0000000121000000,0x0000000121b5ff38,0x0000000124a80000)
 Metaspace       used 22953K, capacity 23374K, committed 23600K, reserved 1071104K
  class space    used 2594K, capacity 2749K, committed 2864K, reserved 1048576K
Event: 141.681 GC heap after
Heap after GC invocations=12 (full 1):
 PSYoungGen      total 194560K, used 1297K [0x0000000176580000, 0x0000000184a00000, 0x00000001a1000000)
  eden space 182784K, 0% used [0x0000000176580000,0x0000000176580000,0x0000000181800000)
  from space 11776K, 11% used [0x0000000181800000,0x00000001819444b8,0x0000000182380000)
  to   space 11264K, 0% used [0x0000000183f00000,0x0000000183f00000,0x0000000184a00000)
 ParOldGen       total 59904K, used 11647K [0x0000000121000000, 0x0000000124a80000, 0x0000000176580000)
  object space 59904K, 19% used [0x0000000121000000,0x0000000121b5ff38,0x0000000124a80000)
 Metaspace       used 22953K, capacity 23374K, committed 23600K, reserved 1071104K
  class space    used 2594K, capacity 2749K, committed 2864K, reserved 1048576K
}

